[35m[1mScanning dependencies of target zed_camera_component[0m
[ 25%] [32mBuilding CXX object CMakeFiles/zed_camera_component.dir/src/zed_camera/src/zed_camera_component.cpp.o[0m
In file included from [01m[K/home/openark/ros2_ws/src/zed-ros2-wrapper/zed_components/src/zed_camera/include/zed_camera_component.hpp:19[m[K,
                 from [01m[K/home/openark/ros2_ws/src/zed-ros2-wrapper/zed_components/src/zed_camera/src/zed_camera_component.cpp:21[m[K:
[01m[K/usr/local/zed/include/sl/Fusion.hpp:68:64:[m[K [01;36m[Knote: [m[K#pragma message: ~ FUSION SDK is distributed in Early Access ~
   68 | #pragma message("~ FUSION SDK is distributed in Early Access ~"[01;36m[K)[m[K
      |                                                                [01;36m[K^[m[K
[01m[K/home/openark/ros2_ws/src/zed-ros2-wrapper/zed_components/src/zed_camera/src/zed_camera_component.cpp:[m[K In member function â€˜[01m[Kvoid stereolabs::ZedCamera::callback_gnssFix(sensor_msgs::msg::NavSatFix_<std::allocator<void> >::SharedPtr)[m[Kâ€™:
[01m[K/home/openark/ros2_ws/src/zed-ros2-wrapper/zed_components/src/zed_camera/src/zed_camera_component.cpp:8888:41:[m[K [01;31m[Kerror: [m[Kexpected â€˜[01m[K;[m[Kâ€™ before â€˜[01m[Kif[m[Kâ€™
 8888 |     position_covariance[1 * 3 + 1] =1.11
      |                                         [01;31m[K^[m[K
      |                                         [32m[K;[m[K
make[2]: *** [CMakeFiles/zed_camera_component.dir/build.make:89: CMakeFiles/zed_camera_component.dir/src/zed_camera/src/zed_camera_component.cpp.o] Error 1
make[1]: *** [CMakeFiles/Makefile2:79: CMakeFiles/zed_camera_component.dir/all] Error 2
make: *** [Makefile:141: all] Error 2
