[0.425s] Invoking command in '/home/openark/ros2_ws/build/zed_components': CMAKE_PREFIX_PATH=/home/openark/ros2_ws/install/zed_interfaces:/home/openark/ros2_ws/install/zed_ros2:/home/openark/ros2_ws/install/zed_display_rviz2:/home/openark/ros2_ws/install/zed_wrapper:/home/openark/ros2_ws/install/zed_topic_benchmark_interfaces:/home/openark/ros2_ws/install/zed_components:/home/openark/ros2_ws/install/rviz_plugin_zed_od:/home/openark/ros2_ws/install/septentrio_gnss_driver:/home/openark/ros2_ws/install/roar_septentrio_interface:/home/openark/ros2_ws/install/examples_rclcpp_multithreaded_executor:/home/openark/ros2_ws/install/examples_rclcpp_minimal_timer:/home/openark/ros2_ws/install/examples_rclcpp_minimal_subscriber:/home/openark/ros2_ws/install/examples_rclcpp_minimal_service:/home/openark/ros2_ws/install/examples_rclcpp_minimal_publisher:/home/openark/ros2_ws/install/examples_rclcpp_minimal_composition:/home/openark/ros2_ws/install/examples_rclcpp_minimal_client:/home/openark/ros2_ws/install/examples_rclcpp_minimal_action_server:/home/openark/ros2_ws/install/examples_rclcpp_minimal_action_client:/home/openark/ros2_ws/install/examples_rclpy_minimal_subscriber:/home/openark/ros2_ws/install/examples_rclpy_minimal_service:/home/openark/ros2_ws/install/examples_rclpy_minimal_publisher:/home/openark/ros2_ws/install/examples_rclpy_minimal_client:/home/openark/ros2_ws/install/examples_rclpy_minimal_action_server:/home/openark/ros2_ws/install/examples_rclpy_minimal_action_client:/home/openark/ros2_ws/install/examples_rclpy_executors:/opt/ros/foxy LD_LIBRARY_PATH=/home/openark/ros2_ws/install/zed_interfaces/lib:/lib/x86_64-linux-gnu:/usr/lib/x86_64-linux-gnu:/lib/x86_64-linux-gnu:/usr/lib/x86_64-linux-gnu:/home/openark/ros2_ws/install/zed_topic_benchmark_interfaces/lib:/home/openark/ros2_ws/install/zed_components/lib:/home/openark/ros2_ws/install/rviz_plugin_zed_od/lib:/home/openark/ros2_ws/install/septentrio_gnss_driver/lib:/home/openark/ros2_ws/install/examples_rclcpp_minimal_composition/lib:/opt/ros/foxy/opt/yaml_cpp_vendor/lib:/opt/ros/foxy/opt/rviz_ogre_vendor/lib:/opt/ros/foxy/lib/x86_64-linux-gnu:/opt/ros/foxy/lib:/usr/local/cuda-12.2/lib64:/usr/local/cuda-12.2/extras/CUPTI/lib64:/usr/local/cuda-12.2/lib64:/usr/local/cuda-12.2/extras/CUPTI/lib64 PYTHONPATH=/home/openark/ros2_ws/install/zed_interfaces/lib/python3.8/site-packages:/home/openark/ros2_ws/install/zed_topic_benchmark_interfaces/lib/python3.8/site-packages:/home/openark/ros2_ws/install/septentrio_gnss_driver/lib/python3.8/site-packages:/home/openark/ros2_ws/install/examples_rclpy_minimal_subscriber/lib/python3.8/site-packages:/home/openark/ros2_ws/install/examples_rclpy_minimal_service/lib/python3.8/site-packages:/home/openark/ros2_ws/install/examples_rclpy_minimal_publisher/lib/python3.8/site-packages:/home/openark/ros2_ws/install/examples_rclpy_minimal_client/lib/python3.8/site-packages:/home/openark/ros2_ws/install/examples_rclpy_minimal_action_server/lib/python3.8/site-packages:/home/openark/ros2_ws/install/examples_rclpy_minimal_action_client/lib/python3.8/site-packages:/home/openark/ros2_ws/install/examples_rclpy_executors/lib/python3.8/site-packages:/opt/ros/foxy/lib/python3.8/site-packages /usr/bin/cmake --build /home/openark/ros2_ws/build/zed_components -- -j12 -l12
[0.519s] [35m[1mScanning dependencies of target zed_camera_component[0m
[0.699s] [ 25%] [32mBuilding CXX object CMakeFiles/zed_camera_component.dir/src/zed_camera/src/zed_camera_component.cpp.o[0m
[1.924s] In file included from [01m[K/home/openark/ros2_ws/src/zed-ros2-wrapper/zed_components/src/zed_camera/include/zed_camera_component.hpp:19[m[K,
[1.928s]                  from [01m[K/home/openark/ros2_ws/src/zed-ros2-wrapper/zed_components/src/zed_camera/src/zed_camera_component.cpp:21[m[K:
[1.928s] [01m[K/usr/local/zed/include/sl/Fusion.hpp:68:64:[m[K [01;36m[Knote: [m[K#pragma message: ~ FUSION SDK is distributed in Early Access ~
[1.928s]    68 | 
[1.928s]       | 
[1.928s] 
[4.101s] In file included from [01m[K/opt/ros/foxy/include/rclcpp/client.hpp:40[m[K,
[4.101s]                  from [01m[K/opt/ros/foxy/include/rclcpp/callback_group.hpp:23[m[K,
[4.101s]                  from [01m[K/opt/ros/foxy/include/rclcpp/any_executable.hpp:20[m[K,
[4.101s]                  from [01m[K/opt/ros/foxy/include/rclcpp/memory_strategy.hpp:24[m[K,
[4.101s]                  from [01m[K/opt/ros/foxy/include/rclcpp/memory_strategies.hpp:18[m[K,
[4.101s]                  from [01m[K/opt/ros/foxy/include/rclcpp/executor_options.hpp:20[m[K,
[4.101s]                  from [01m[K/opt/ros/foxy/include/rclcpp/executor.hpp:33[m[K,
[4.101s]                  from [01m[K/opt/ros/foxy/include/rclcpp/executors/multi_threaded_executor.hpp:26[m[K,
[4.101s]                  from [01m[K/opt/ros/foxy/include/rclcpp/executors.hpp:21[m[K,
[4.101s]                  from [01m[K/opt/ros/foxy/include/rclcpp/rclcpp.hpp:146[m[K,
[4.101s]                  from [01m[K/opt/ros/foxy/include/tf2_ros/buffer_interface.h:35[m[K,
[4.101s]                  from [01m[K/opt/ros/foxy/include/tf2_ros/buffer.h:40[m[K,
[4.101s]                  from [01m[K/home/openark/ros2_ws/src/zed-ros2-wrapper/zed_components/src/zed_camera/include/sl_types.hpp:18[m[K,
[4.101s]                  from [01m[K/home/openark/ros2_ws/src/zed-ros2-wrapper/zed_components/src/zed_camera/include/zed_camera_component.hpp:22[m[K,
[4.101s]                  from [01m[K/home/openark/ros2_ws/src/zed-ros2-wrapper/zed_components/src/zed_camera/src/zed_camera_component.cpp:21[m[K:
[4.101s] [01m[K/home/openark/ros2_ws/src/zed-ros2-wrapper/zed_components/src/zed_camera/src/zed_camera_component.cpp:[m[K In member function â€˜[01m[Kvoid stereolabs::ZedCamera::processGeoPose()[m[Kâ€™:
[4.101s] [01m[K/home/openark/ros2_ws/src/zed-ros2-wrapper/zed_components/src/zed_camera/src/zed_camera_component.cpp:6839:31:[m[K [01;31m[Kerror: [m[Kâ€˜[01m[KLastGeoPose[m[Kâ€™ was not declared in this scope; did you mean â€˜[01m[KmLastGeoPose[m[Kâ€™?
[4.102s]  6839 | [01;31m[KeoPose[m[K.latlng_coordinates.getAltitude());
[4.102s]       | [01;31m[K~~~~~~[m[K
[4.102s] 
[9.367s] make[2]: *** [CMakeFiles/zed_camera_component.dir/build.make:89: CMakeFiles/zed_camera_component.dir/src/zed_camera/src/zed_camera_component.cpp.o] Error 1
[9.368s] make[1]: *** [CMakeFiles/Makefile2:79: CMakeFiles/zed_camera_component.dir/all] Error 2
[9.368s] make: *** [Makefile:141: all] Error 2
[9.370s] Invoked command in '/home/openark/ros2_ws/build/zed_components' returned '2': CMAKE_PREFIX_PATH=/home/openark/ros2_ws/install/zed_interfaces:/home/openark/ros2_ws/install/zed_ros2:/home/openark/ros2_ws/install/zed_display_rviz2:/home/openark/ros2_ws/install/zed_wrapper:/home/openark/ros2_ws/install/zed_topic_benchmark_interfaces:/home/openark/ros2_ws/install/zed_components:/home/openark/ros2_ws/install/rviz_plugin_zed_od:/home/openark/ros2_ws/install/septentrio_gnss_driver:/home/openark/ros2_ws/install/roar_septentrio_interface:/home/openark/ros2_ws/install/examples_rclcpp_multithreaded_executor:/home/openark/ros2_ws/install/examples_rclcpp_minimal_timer:/home/openark/ros2_ws/install/examples_rclcpp_minimal_subscriber:/home/openark/ros2_ws/install/examples_rclcpp_minimal_service:/home/openark/ros2_ws/install/examples_rclcpp_minimal_publisher:/home/openark/ros2_ws/install/examples_rclcpp_minimal_composition:/home/openark/ros2_ws/install/examples_rclcpp_minimal_client:/home/openark/ros2_ws/install/examples_rclcpp_minimal_action_server:/home/openark/ros2_ws/install/examples_rclcpp_minimal_action_client:/home/openark/ros2_ws/install/examples_rclpy_minimal_subscriber:/home/openark/ros2_ws/install/examples_rclpy_minimal_service:/home/openark/ros2_ws/install/examples_rclpy_minimal_publisher:/home/openark/ros2_ws/install/examples_rclpy_minimal_client:/home/openark/ros2_ws/install/examples_rclpy_minimal_action_server:/home/openark/ros2_ws/install/examples_rclpy_minimal_action_client:/home/openark/ros2_ws/install/examples_rclpy_executors:/opt/ros/foxy LD_LIBRARY_PATH=/home/openark/ros2_ws/install/zed_interfaces/lib:/lib/x86_64-linux-gnu:/usr/lib/x86_64-linux-gnu:/lib/x86_64-linux-gnu:/usr/lib/x86_64-linux-gnu:/home/openark/ros2_ws/install/zed_topic_benchmark_interfaces/lib:/home/openark/ros2_ws/install/zed_components/lib:/home/openark/ros2_ws/install/rviz_plugin_zed_od/lib:/home/openark/ros2_ws/install/septentrio_gnss_driver/lib:/home/openark/ros2_ws/install/examples_rclcpp_minimal_composition/lib:/opt/ros/foxy/opt/yaml_cpp_vendor/lib:/opt/ros/foxy/opt/rviz_ogre_vendor/lib:/opt/ros/foxy/lib/x86_64-linux-gnu:/opt/ros/foxy/lib:/usr/local/cuda-12.2/lib64:/usr/local/cuda-12.2/extras/CUPTI/lib64:/usr/local/cuda-12.2/lib64:/usr/local/cuda-12.2/extras/CUPTI/lib64 PYTHONPATH=/home/openark/ros2_ws/install/zed_interfaces/lib/python3.8/site-packages:/home/openark/ros2_ws/install/zed_topic_benchmark_interfaces/lib/python3.8/site-packages:/home/openark/ros2_ws/install/septentrio_gnss_driver/lib/python3.8/site-packages:/home/openark/ros2_ws/install/examples_rclpy_minimal_subscriber/lib/python3.8/site-packages:/home/openark/ros2_ws/install/examples_rclpy_minimal_service/lib/python3.8/site-packages:/home/openark/ros2_ws/install/examples_rclpy_minimal_publisher/lib/python3.8/site-packages:/home/openark/ros2_ws/install/examples_rclpy_minimal_client/lib/python3.8/site-packages:/home/openark/ros2_ws/install/examples_rclpy_minimal_action_server/lib/python3.8/site-packages:/home/openark/ros2_ws/install/examples_rclpy_minimal_action_client/lib/python3.8/site-packages:/home/openark/ros2_ws/install/examples_rclpy_executors/lib/python3.8/site-packages:/opt/ros/foxy/lib/python3.8/site-packages /usr/bin/cmake --build /home/openark/ros2_ws/build/zed_components -- -j12 -l12
