Start testing: Sep 27 20:51 PDT
----------------------------------------------------------
1/6 Testing: copyright
1/6 Test: copyright
Command: "/usr/bin/python3" "-u" "/opt/ros/foxy/share/ament_cmake_test/cmake/run_test.py" "/home/openark/ros2_ws/build/examples_rclcpp_minimal_subscriber/test_results/examples_rclcpp_minimal_subscriber/copyright.xunit.xml" "--package-name" "examples_rclcpp_minimal_subscriber" "--output-file" "/home/openark/ros2_ws/build/examples_rclcpp_minimal_subscriber/ament_copyright/copyright.txt" "--command" "/opt/ros/foxy/bin/ament_copyright" "--xunit-file" "/home/openark/ros2_ws/build/examples_rclcpp_minimal_subscriber/test_results/examples_rclcpp_minimal_subscriber/copyright.xunit.xml"
Directory: /home/openark/ros2_ws/src/examples/rclcpp/topics/minimal_subscriber
"copyright" start time: Sep 27 20:51 PDT
Output:
----------------------------------------------------------
-- run_test.py: invoking following command in '/home/openark/ros2_ws/src/examples/rclcpp/topics/minimal_subscriber':
 - /opt/ros/foxy/bin/ament_copyright --xunit-file /home/openark/ros2_ws/build/examples_rclcpp_minimal_subscriber/test_results/examples_rclcpp_minimal_subscriber/copyright.xunit.xml
No problems found, checked 3 files
-- run_test.py: return code 0
-- run_test.py: verify result file '/home/openark/ros2_ws/build/examples_rclcpp_minimal_subscriber/test_results/examples_rclcpp_minimal_subscriber/copyright.xunit.xml'
<end of output>
Test time =   0.92 sec
----------------------------------------------------------
Test Passed.
"copyright" end time: Sep 27 20:51 PDT
"copyright" time elapsed: 00:00:00
----------------------------------------------------------

2/6 Testing: cppcheck
2/6 Test: cppcheck
Command: "/usr/bin/python3" "-u" "/opt/ros/foxy/share/ament_cmake_test/cmake/run_test.py" "/home/openark/ros2_ws/build/examples_rclcpp_minimal_subscriber/test_results/examples_rclcpp_minimal_subscriber/cppcheck.xunit.xml" "--package-name" "examples_rclcpp_minimal_subscriber" "--output-file" "/home/openark/ros2_ws/build/examples_rclcpp_minimal_subscriber/ament_cppcheck/cppcheck.txt" "--command" "/opt/ros/foxy/bin/ament_cppcheck" "--xunit-file" "/home/openark/ros2_ws/build/examples_rclcpp_minimal_subscriber/test_results/examples_rclcpp_minimal_subscriber/cppcheck.xunit.xml"
Directory: /home/openark/ros2_ws/src/examples/rclcpp/topics/minimal_subscriber
"cppcheck" start time: Sep 27 20:51 PDT
Output:
----------------------------------------------------------
-- run_test.py: invoking following command in '/home/openark/ros2_ws/src/examples/rclcpp/topics/minimal_subscriber':
 - /opt/ros/foxy/bin/ament_cppcheck --xunit-file /home/openark/ros2_ws/build/examples_rclcpp_minimal_subscriber/test_results/examples_rclcpp_minimal_subscriber/cppcheck.xunit.xml
No problems found
-- run_test.py: return code 0
-- run_test.py: verify result file '/home/openark/ros2_ws/build/examples_rclcpp_minimal_subscriber/test_results/examples_rclcpp_minimal_subscriber/cppcheck.xunit.xml'
<end of output>
Test time =   0.99 sec
----------------------------------------------------------
Test Passed.
"cppcheck" end time: Sep 27 20:51 PDT
"cppcheck" time elapsed: 00:00:00
----------------------------------------------------------

3/6 Testing: cpplint
3/6 Test: cpplint
Command: "/usr/bin/python3" "-u" "/opt/ros/foxy/share/ament_cmake_test/cmake/run_test.py" "/home/openark/ros2_ws/build/examples_rclcpp_minimal_subscriber/test_results/examples_rclcpp_minimal_subscriber/cpplint.xunit.xml" "--package-name" "examples_rclcpp_minimal_subscriber" "--output-file" "/home/openark/ros2_ws/build/examples_rclcpp_minimal_subscriber/ament_cpplint/cpplint.txt" "--command" "/opt/ros/foxy/bin/ament_cpplint" "--xunit-file" "/home/openark/ros2_ws/build/examples_rclcpp_minimal_subscriber/test_results/examples_rclcpp_minimal_subscriber/cpplint.xunit.xml"
Directory: /home/openark/ros2_ws/src/examples/rclcpp/topics/minimal_subscriber
"cpplint" start time: Sep 27 20:51 PDT
Output:
----------------------------------------------------------
-- run_test.py: invoking following command in '/home/openark/ros2_ws/src/examples/rclcpp/topics/minimal_subscriber':
 - /opt/ros/foxy/bin/ament_cpplint --xunit-file /home/openark/ros2_ws/build/examples_rclcpp_minimal_subscriber/test_results/examples_rclcpp_minimal_subscriber/cpplint.xunit.xml
Using '--root=..' argument

Done processing /home/openark/ros2_ws/src/examples/rclcpp/topics/minimal_subscriber/lambda.cpp

Done processing /home/openark/ros2_ws/src/examples/rclcpp/topics/minimal_subscriber/member_function.cpp

Done processing /home/openark/ros2_ws/src/examples/rclcpp/topics/minimal_subscriber/not_composable.cpp

No problems found
-- run_test.py: return code 0
-- run_test.py: verify result file '/home/openark/ros2_ws/build/examples_rclcpp_minimal_subscriber/test_results/examples_rclcpp_minimal_subscriber/cpplint.xunit.xml'
<end of output>
Test time =   0.98 sec
----------------------------------------------------------
Test Passed.
"cpplint" end time: Sep 27 20:51 PDT
"cpplint" time elapsed: 00:00:00
----------------------------------------------------------

4/6 Testing: lint_cmake
4/6 Test: lint_cmake
Command: "/usr/bin/python3" "-u" "/opt/ros/foxy/share/ament_cmake_test/cmake/run_test.py" "/home/openark/ros2_ws/build/examples_rclcpp_minimal_subscriber/test_results/examples_rclcpp_minimal_subscriber/lint_cmake.xunit.xml" "--package-name" "examples_rclcpp_minimal_subscriber" "--output-file" "/home/openark/ros2_ws/build/examples_rclcpp_minimal_subscriber/ament_lint_cmake/lint_cmake.txt" "--command" "/opt/ros/foxy/bin/ament_lint_cmake" "--xunit-file" "/home/openark/ros2_ws/build/examples_rclcpp_minimal_subscriber/test_results/examples_rclcpp_minimal_subscriber/lint_cmake.xunit.xml"
Directory: /home/openark/ros2_ws/src/examples/rclcpp/topics/minimal_subscriber
"lint_cmake" start time: Sep 27 20:51 PDT
Output:
----------------------------------------------------------
-- run_test.py: invoking following command in '/home/openark/ros2_ws/src/examples/rclcpp/topics/minimal_subscriber':
 - /opt/ros/foxy/bin/ament_lint_cmake --xunit-file /home/openark/ros2_ws/build/examples_rclcpp_minimal_subscriber/test_results/examples_rclcpp_minimal_subscriber/lint_cmake.xunit.xml

No problems found
-- run_test.py: return code 0
-- run_test.py: verify result file '/home/openark/ros2_ws/build/examples_rclcpp_minimal_subscriber/test_results/examples_rclcpp_minimal_subscriber/lint_cmake.xunit.xml'
<end of output>
Test time =   1.02 sec
----------------------------------------------------------
Test Passed.
"lint_cmake" end time: Sep 27 20:51 PDT
"lint_cmake" time elapsed: 00:00:01
----------------------------------------------------------

5/6 Testing: uncrustify
5/6 Test: uncrustify
Command: "/usr/bin/python3" "-u" "/opt/ros/foxy/share/ament_cmake_test/cmake/run_test.py" "/home/openark/ros2_ws/build/examples_rclcpp_minimal_subscriber/test_results/examples_rclcpp_minimal_subscriber/uncrustify.xunit.xml" "--package-name" "examples_rclcpp_minimal_subscriber" "--output-file" "/home/openark/ros2_ws/build/examples_rclcpp_minimal_subscriber/ament_uncrustify/uncrustify.txt" "--command" "/opt/ros/foxy/bin/ament_uncrustify" "--xunit-file" "/home/openark/ros2_ws/build/examples_rclcpp_minimal_subscriber/test_results/examples_rclcpp_minimal_subscriber/uncrustify.xunit.xml"
Directory: /home/openark/ros2_ws/src/examples/rclcpp/topics/minimal_subscriber
"uncrustify" start time: Sep 27 20:51 PDT
Output:
----------------------------------------------------------
-- run_test.py: invoking following command in '/home/openark/ros2_ws/src/examples/rclcpp/topics/minimal_subscriber':
 - /opt/ros/foxy/bin/ament_uncrustify --xunit-file /home/openark/ros2_ws/build/examples_rclcpp_minimal_subscriber/test_results/examples_rclcpp_minimal_subscriber/uncrustify.xunit.xml
No code style divergence in file 'lambda.cpp'

No code style divergence in file 'member_function.cpp'

No code style divergence in file 'not_composable.cpp'

No problems found
-- run_test.py: return code 0
-- run_test.py: verify result file '/home/openark/ros2_ws/build/examples_rclcpp_minimal_subscriber/test_results/examples_rclcpp_minimal_subscriber/uncrustify.xunit.xml'
<end of output>
Test time =   1.02 sec
----------------------------------------------------------
Test Passed.
"uncrustify" end time: Sep 27 20:51 PDT
"uncrustify" time elapsed: 00:00:01
----------------------------------------------------------

6/6 Testing: xmllint
6/6 Test: xmllint
Command: "/usr/bin/python3" "-u" "/opt/ros/foxy/share/ament_cmake_test/cmake/run_test.py" "/home/openark/ros2_ws/build/examples_rclcpp_minimal_subscriber/test_results/examples_rclcpp_minimal_subscriber/xmllint.xunit.xml" "--package-name" "examples_rclcpp_minimal_subscriber" "--output-file" "/home/openark/ros2_ws/build/examples_rclcpp_minimal_subscriber/ament_xmllint/xmllint.txt" "--command" "/opt/ros/foxy/bin/ament_xmllint" "--xunit-file" "/home/openark/ros2_ws/build/examples_rclcpp_minimal_subscriber/test_results/examples_rclcpp_minimal_subscriber/xmllint.xunit.xml"
Directory: /home/openark/ros2_ws/src/examples/rclcpp/topics/minimal_subscriber
"xmllint" start time: Sep 27 20:51 PDT
Output:
----------------------------------------------------------
-- run_test.py: invoking following command in '/home/openark/ros2_ws/src/examples/rclcpp/topics/minimal_subscriber':
 - /opt/ros/foxy/bin/ament_xmllint --xunit-file /home/openark/ros2_ws/build/examples_rclcpp_minimal_subscriber/test_results/examples_rclcpp_minimal_subscriber/xmllint.xunit.xml
File 'package.xml' is valid

No problems found
-- run_test.py: return code 0
-- run_test.py: verify result file '/home/openark/ros2_ws/build/examples_rclcpp_minimal_subscriber/test_results/examples_rclcpp_minimal_subscriber/xmllint.xunit.xml'
<end of output>
Test time =   1.02 sec
----------------------------------------------------------
Test Passed.
"xmllint" end time: Sep 27 20:51 PDT
"xmllint" time elapsed: 00:00:01
----------------------------------------------------------

End testing: Sep 27 20:51 PDT

copyright =   0.92 sec*proc

cppcheck =   0.99 sec*proc

cpplint =   0.98 sec*proc

lint_cmake =   1.02 sec*proc

linter =   5.97 sec*proc

uncrustify =   1.02 sec*proc

xmllint =   1.02 sec*proc

