[0.571s] Invoking command in '/home/openark/ros2_ws/build/zed_components': CMAKE_PREFIX_PATH=/home/openark/ros2_ws/install/zed_interfaces:/home/openark/ros2_ws/install/zed_ros2:/home/openark/ros2_ws/install/zed_display_rviz2:/home/openark/ros2_ws/install/zed_wrapper:/home/openark/ros2_ws/install/zed_topic_benchmark_interfaces:/home/openark/ros2_ws/install/zed_components:/home/openark/ros2_ws/install/rviz_plugin_zed_od:/home/openark/ros2_ws/install/septentrio_gnss_driver:/home/openark/ros2_ws/install/roar_septentrio_interface:/home/openark/ros2_ws/install/examples_rclcpp_multithreaded_executor:/home/openark/ros2_ws/install/examples_rclcpp_minimal_timer:/home/openark/ros2_ws/install/examples_rclcpp_minimal_subscriber:/home/openark/ros2_ws/install/examples_rclcpp_minimal_service:/home/openark/ros2_ws/install/examples_rclcpp_minimal_publisher:/home/openark/ros2_ws/install/examples_rclcpp_minimal_composition:/home/openark/ros2_ws/install/examples_rclcpp_minimal_client:/home/openark/ros2_ws/install/examples_rclcpp_minimal_action_server:/home/openark/ros2_ws/install/examples_rclcpp_minimal_action_client:/home/openark/ros2_ws/src/install/zed_topic_benchmark_interfaces:/home/openark/ros2_ws/src/install/rviz_plugin_zed_od:/home/openark/ros2_ws/src/install/zed_interfaces:/home/openark/ros2_ws/src/install/septentrio_gnss_driver:/home/openark/ros2_ws/src/install/roar_septentrio_interface:/home/openark/ros2_ws/src/install/examples_rclcpp_multithreaded_executor:/home/openark/ros2_ws/src/install/examples_rclcpp_minimal_timer:/home/openark/ros2_ws/src/install/examples_rclcpp_minimal_subscriber:/home/openark/ros2_ws/src/install/examples_rclcpp_minimal_service:/home/openark/ros2_ws/src/install/examples_rclcpp_minimal_publisher:/home/openark/ros2_ws/src/install/examples_rclcpp_minimal_composition:/home/openark/ros2_ws/src/install/examples_rclcpp_minimal_client:/home/openark/ros2_ws/src/install/examples_rclcpp_minimal_action_server:/home/openark/ros2_ws/src/install/examples_rclcpp_minimal_action_client:/home/openark/ros2_ws/install/examples_rclpy_minimal_subscriber:/home/openark/ros2_ws/install/examples_rclpy_minimal_service:/home/openark/ros2_ws/install/examples_rclpy_minimal_publisher:/home/openark/ros2_ws/install/examples_rclpy_minimal_client:/home/openark/ros2_ws/install/examples_rclpy_minimal_action_server:/home/openark/ros2_ws/install/examples_rclpy_minimal_action_client:/home/openark/ros2_ws/install/examples_rclpy_executors:/home/openark/ros2_ws/src/install/examples_rclpy_minimal_subscriber:/home/openark/ros2_ws/src/install/examples_rclpy_minimal_service:/home/openark/ros2_ws/src/install/examples_rclpy_minimal_publisher:/home/openark/ros2_ws/src/install/examples_rclpy_minimal_client:/home/openark/ros2_ws/src/install/examples_rclpy_minimal_action_server:/home/openark/ros2_ws/src/install/examples_rclpy_minimal_action_client:/home/openark/ros2_ws/src/install/examples_rclpy_executors:/opt/ros/foxy LD_LIBRARY_PATH=/home/openark/ros2_ws/install/zed_interfaces/lib:/lib/x86_64-linux-gnu:/usr/lib/x86_64-linux-gnu:/lib/x86_64-linux-gnu:/usr/lib/x86_64-linux-gnu:/home/openark/ros2_ws/install/zed_topic_benchmark_interfaces/lib:/home/openark/ros2_ws/install/zed_components/lib:/home/openark/ros2_ws/install/rviz_plugin_zed_od/lib:/home/openark/ros2_ws/install/septentrio_gnss_driver/lib:/home/openark/ros2_ws/install/examples_rclcpp_minimal_composition/lib:/home/openark/ros2_ws/src/install/zed_topic_benchmark_interfaces/lib:/home/openark/ros2_ws/src/install/rviz_plugin_zed_od/lib:/home/openark/ros2_ws/src/install/zed_interfaces/lib:/home/openark/ros2_ws/src/install/septentrio_gnss_driver/lib:/home/openark/ros2_ws/src/install/examples_rclcpp_minimal_composition/lib:/opt/ros/foxy/opt/yaml_cpp_vendor/lib:/opt/ros/foxy/opt/rviz_ogre_vendor/lib:/opt/ros/foxy/lib/x86_64-linux-gnu:/opt/ros/foxy/lib:/usr/local/cuda-12.2/lib64:/usr/local/cuda-12.2/extras/CUPTI/lib64:/usr/local/cuda-12.2/lib64:/usr/local/cuda-12.2/extras/CUPTI/lib64 PYTHONPATH=/home/openark/ros2_ws/install/zed_interfaces/lib/python3.8/site-packages:/home/openark/ros2_ws/install/zed_topic_benchmark_interfaces/lib/python3.8/site-packages:/home/openark/ros2_ws/install/septentrio_gnss_driver/lib/python3.8/site-packages:/home/openark/ros2_ws/install/examples_rclpy_minimal_subscriber/lib/python3.8/site-packages:/home/openark/ros2_ws/install/examples_rclpy_minimal_service/lib/python3.8/site-packages:/home/openark/ros2_ws/install/examples_rclpy_minimal_publisher/lib/python3.8/site-packages:/home/openark/ros2_ws/install/examples_rclpy_minimal_client/lib/python3.8/site-packages:/home/openark/ros2_ws/install/examples_rclpy_minimal_action_server/lib/python3.8/site-packages:/home/openark/ros2_ws/install/examples_rclpy_minimal_action_client/lib/python3.8/site-packages:/home/openark/ros2_ws/install/examples_rclpy_executors/lib/python3.8/site-packages:/home/openark/ros2_ws/src/install/zed_topic_benchmark_interfaces/lib/python3.8/site-packages:/home/openark/ros2_ws/src/install/zed_interfaces/lib/python3.8/site-packages:/home/openark/ros2_ws/src/install/septentrio_gnss_driver/lib/python3.8/site-packages:/home/openark/ros2_ws/src/install/examples_rclpy_minimal_subscriber/lib/python3.8/site-packages:/home/openark/ros2_ws/src/install/examples_rclpy_minimal_service/lib/python3.8/site-packages:/home/openark/ros2_ws/src/install/examples_rclpy_minimal_publisher/lib/python3.8/site-packages:/home/openark/ros2_ws/src/install/examples_rclpy_minimal_client/lib/python3.8/site-packages:/home/openark/ros2_ws/src/install/examples_rclpy_minimal_action_server/lib/python3.8/site-packages:/home/openark/ros2_ws/src/install/examples_rclpy_minimal_action_client/lib/python3.8/site-packages:/home/openark/ros2_ws/src/install/examples_rclpy_executors/lib/python3.8/site-packages:/opt/ros/foxy/lib/python3.8/site-packages /usr/bin/cmake --build /home/openark/ros2_ws/build/zed_components -- -j12 -l12
[0.685s] [35m[1mScanning dependencies of target zed_camera_component[0m
[0.850s] [ 25%] [32mBuilding CXX object CMakeFiles/zed_camera_component.dir/src/zed_camera/src/zed_camera_component.cpp.o[0m
[2.440s] In file included from [01m[K/home/openark/ros2_ws/src/zed-ros2-wrapper/zed_components/src/zed_camera/include/zed_camera_component.hpp:19[m[K,
[2.440s]                  from [01m[K/home/openark/ros2_ws/src/zed-ros2-wrapper/zed_components/src/zed_camera/src/zed_camera_component.cpp:21[m[K:
[2.441s] [01m[K/usr/local/zed/include/sl/Fusion.hpp:68:64:[m[K [01;36m[Knote: [m[K#pragma message: ~ FUSION SDK is distributed in Early Access ~
[2.442s]    68 | #pragma message("~ FUSION SDK is distributed in Early Access ~"[01;36m[K)[m[K
[2.443s]       |                                                                [01;36m[K^[m[K
[5.485s] In file included from [01m[K/opt/ros/foxy/include/rclcpp/service.hpp:34[m[K,
[5.485s]                  from [01m[K/opt/ros/foxy/include/rclcpp/callback_group.hpp:25[m[K,
[5.485s]                  from [01m[K/opt/ros/foxy/include/rclcpp/any_executable.hpp:20[m[K,
[5.485s]                  from [01m[K/opt/ros/foxy/include/rclcpp/memory_strategy.hpp:24[m[K,
[5.486s]                  from [01m[K/opt/ros/foxy/include/rclcpp/memory_strategies.hpp:18[m[K,
[5.486s]                  from [01m[K/opt/ros/foxy/include/rclcpp/executor_options.hpp:20[m[K,
[5.486s]                  from [01m[K/opt/ros/foxy/include/rclcpp/executor.hpp:33[m[K,
[5.486s]                  from [01m[K/opt/ros/foxy/include/rclcpp/executors/multi_threaded_executor.hpp:26[m[K,
[5.486s]                  from [01m[K/opt/ros/foxy/include/rclcpp/executors.hpp:21[m[K,
[5.486s]                  from [01m[K/opt/ros/foxy/include/rclcpp/rclcpp.hpp:146[m[K,
[5.486s]                  from [01m[K/opt/ros/foxy/include/tf2_ros/buffer_interface.h:35[m[K,
[5.486s]                  from [01m[K/opt/ros/foxy/include/tf2_ros/buffer.h:40[m[K,
[5.486s]                  from [01m[K/home/openark/ros2_ws/src/zed-ros2-wrapper/zed_components/src/zed_camera/include/sl_types.hpp:18[m[K,
[5.486s]                  from [01m[K/home/openark/ros2_ws/src/zed-ros2-wrapper/zed_components/src/zed_camera/include/zed_camera_component.hpp:22[m[K,
[5.486s]                  from [01m[K/home/openark/ros2_ws/src/zed-ros2-wrapper/zed_components/src/zed_camera/src/zed_camera_component.cpp:21[m[K:
[5.486s] [01m[K/home/openark/ros2_ws/src/zed-ros2-wrapper/zed_components/src/zed_camera/src/zed_camera_component.cpp:[m[K In member function â€˜[01m[Kvoid stereolabs::ZedCamera::callback_gnssFix(sensor_msgs::msg::NavSatFix_<std::allocator<void> >::SharedPtr)[m[Kâ€™:
[5.486s] [01m[K/home/openark/ros2_ws/src/zed-ros2-wrapper/zed_components/src/zed_camera/src/zed_camera_component.cpp:8872:78:[m[K [01;31m[Kerror: [m[Kâ€˜[01m[Kendl[m[Kâ€™ was not declared in this scope; did you mean â€˜[01m[Kstd::endl[m[Kâ€™?
[5.486s]  8872 |       " * msg->position_covariance_type " << msg->position_covariance_type <<[01;31m[Kendl[m[K);
[5.487s]       |                                                                              [01;31m[K^~~~[m[K
[5.487s] [01m[K/home/openark/ros2_ws/src/zed-ros2-wrapper/zed_components/src/zed_camera/src/zed_camera_component.cpp:8871:3:[m[K [01;36m[Knote: [m[Kin expansion of macro â€˜[01m[KDEBUG_STREAM_GNSS[m[Kâ€™
[5.487s]  8871 |   [01;36m[KDEBUG_STREAM_GNSS[m[K(
[5.487s]       |   [01;36m[K^~~~~~~~~~~~~~~~~[m[K
[5.487s] In file included from [01m[K/usr/include/c++/9/istream:39[m[K,
[5.487s]                  from [01m[K/usr/include/c++/9/sstream:38[m[K,
[5.487s]                  from [01m[K/home/openark/ros2_ws/src/zed-ros2-wrapper/zed_components/src/zed_camera/src/zed_camera_component.cpp:15[m[K:
[5.487s] [01m[K/usr/include/c++/9/ostream:599:5:[m[K [01;36m[Knote: [m[Kâ€˜[01m[Kstd::endl[m[Kâ€™ declared here
[5.487s]   599 |     [01;36m[Kendl[m[K(basic_ostream<_CharT, _Traits>& __os)
[5.488s]       |     [01;36m[K^~~~[m[K
[11.331s] make[2]: *** [CMakeFiles/zed_camera_component.dir/build.make:89: CMakeFiles/zed_camera_component.dir/src/zed_camera/src/zed_camera_component.cpp.o] Error 1
[11.331s] make[1]: *** [CMakeFiles/Makefile2:79: CMakeFiles/zed_camera_component.dir/all] Error 2
[11.332s] make: *** [Makefile:141: all] Error 2
[11.334s] Invoked command in '/home/openark/ros2_ws/build/zed_components' returned '2': CMAKE_PREFIX_PATH=/home/openark/ros2_ws/install/zed_interfaces:/home/openark/ros2_ws/install/zed_ros2:/home/openark/ros2_ws/install/zed_display_rviz2:/home/openark/ros2_ws/install/zed_wrapper:/home/openark/ros2_ws/install/zed_topic_benchmark_interfaces:/home/openark/ros2_ws/install/zed_components:/home/openark/ros2_ws/install/rviz_plugin_zed_od:/home/openark/ros2_ws/install/septentrio_gnss_driver:/home/openark/ros2_ws/install/roar_septentrio_interface:/home/openark/ros2_ws/install/examples_rclcpp_multithreaded_executor:/home/openark/ros2_ws/install/examples_rclcpp_minimal_timer:/home/openark/ros2_ws/install/examples_rclcpp_minimal_subscriber:/home/openark/ros2_ws/install/examples_rclcpp_minimal_service:/home/openark/ros2_ws/install/examples_rclcpp_minimal_publisher:/home/openark/ros2_ws/install/examples_rclcpp_minimal_composition:/home/openark/ros2_ws/install/examples_rclcpp_minimal_client:/home/openark/ros2_ws/install/examples_rclcpp_minimal_action_server:/home/openark/ros2_ws/install/examples_rclcpp_minimal_action_client:/home/openark/ros2_ws/src/install/zed_topic_benchmark_interfaces:/home/openark/ros2_ws/src/install/rviz_plugin_zed_od:/home/openark/ros2_ws/src/install/zed_interfaces:/home/openark/ros2_ws/src/install/septentrio_gnss_driver:/home/openark/ros2_ws/src/install/roar_septentrio_interface:/home/openark/ros2_ws/src/install/examples_rclcpp_multithreaded_executor:/home/openark/ros2_ws/src/install/examples_rclcpp_minimal_timer:/home/openark/ros2_ws/src/install/examples_rclcpp_minimal_subscriber:/home/openark/ros2_ws/src/install/examples_rclcpp_minimal_service:/home/openark/ros2_ws/src/install/examples_rclcpp_minimal_publisher:/home/openark/ros2_ws/src/install/examples_rclcpp_minimal_composition:/home/openark/ros2_ws/src/install/examples_rclcpp_minimal_client:/home/openark/ros2_ws/src/install/examples_rclcpp_minimal_action_server:/home/openark/ros2_ws/src/install/examples_rclcpp_minimal_action_client:/home/openark/ros2_ws/install/examples_rclpy_minimal_subscriber:/home/openark/ros2_ws/install/examples_rclpy_minimal_service:/home/openark/ros2_ws/install/examples_rclpy_minimal_publisher:/home/openark/ros2_ws/install/examples_rclpy_minimal_client:/home/openark/ros2_ws/install/examples_rclpy_minimal_action_server:/home/openark/ros2_ws/install/examples_rclpy_minimal_action_client:/home/openark/ros2_ws/install/examples_rclpy_executors:/home/openark/ros2_ws/src/install/examples_rclpy_minimal_subscriber:/home/openark/ros2_ws/src/install/examples_rclpy_minimal_service:/home/openark/ros2_ws/src/install/examples_rclpy_minimal_publisher:/home/openark/ros2_ws/src/install/examples_rclpy_minimal_client:/home/openark/ros2_ws/src/install/examples_rclpy_minimal_action_server:/home/openark/ros2_ws/src/install/examples_rclpy_minimal_action_client:/home/openark/ros2_ws/src/install/examples_rclpy_executors:/opt/ros/foxy LD_LIBRARY_PATH=/home/openark/ros2_ws/install/zed_interfaces/lib:/lib/x86_64-linux-gnu:/usr/lib/x86_64-linux-gnu:/lib/x86_64-linux-gnu:/usr/lib/x86_64-linux-gnu:/home/openark/ros2_ws/install/zed_topic_benchmark_interfaces/lib:/home/openark/ros2_ws/install/zed_components/lib:/home/openark/ros2_ws/install/rviz_plugin_zed_od/lib:/home/openark/ros2_ws/install/septentrio_gnss_driver/lib:/home/openark/ros2_ws/install/examples_rclcpp_minimal_composition/lib:/home/openark/ros2_ws/src/install/zed_topic_benchmark_interfaces/lib:/home/openark/ros2_ws/src/install/rviz_plugin_zed_od/lib:/home/openark/ros2_ws/src/install/zed_interfaces/lib:/home/openark/ros2_ws/src/install/septentrio_gnss_driver/lib:/home/openark/ros2_ws/src/install/examples_rclcpp_minimal_composition/lib:/opt/ros/foxy/opt/yaml_cpp_vendor/lib:/opt/ros/foxy/opt/rviz_ogre_vendor/lib:/opt/ros/foxy/lib/x86_64-linux-gnu:/opt/ros/foxy/lib:/usr/local/cuda-12.2/lib64:/usr/local/cuda-12.2/extras/CUPTI/lib64:/usr/local/cuda-12.2/lib64:/usr/local/cuda-12.2/extras/CUPTI/lib64 PYTHONPATH=/home/openark/ros2_ws/install/zed_interfaces/lib/python3.8/site-packages:/home/openark/ros2_ws/install/zed_topic_benchmark_interfaces/lib/python3.8/site-packages:/home/openark/ros2_ws/install/septentrio_gnss_driver/lib/python3.8/site-packages:/home/openark/ros2_ws/install/examples_rclpy_minimal_subscriber/lib/python3.8/site-packages:/home/openark/ros2_ws/install/examples_rclpy_minimal_service/lib/python3.8/site-packages:/home/openark/ros2_ws/install/examples_rclpy_minimal_publisher/lib/python3.8/site-packages:/home/openark/ros2_ws/install/examples_rclpy_minimal_client/lib/python3.8/site-packages:/home/openark/ros2_ws/install/examples_rclpy_minimal_action_server/lib/python3.8/site-packages:/home/openark/ros2_ws/install/examples_rclpy_minimal_action_client/lib/python3.8/site-packages:/home/openark/ros2_ws/install/examples_rclpy_executors/lib/python3.8/site-packages:/home/openark/ros2_ws/src/install/zed_topic_benchmark_interfaces/lib/python3.8/site-packages:/home/openark/ros2_ws/src/install/zed_interfaces/lib/python3.8/site-packages:/home/openark/ros2_ws/src/install/septentrio_gnss_driver/lib/python3.8/site-packages:/home/openark/ros2_ws/src/install/examples_rclpy_minimal_subscriber/lib/python3.8/site-packages:/home/openark/ros2_ws/src/install/examples_rclpy_minimal_service/lib/python3.8/site-packages:/home/openark/ros2_ws/src/install/examples_rclpy_minimal_publisher/lib/python3.8/site-packages:/home/openark/ros2_ws/src/install/examples_rclpy_minimal_client/lib/python3.8/site-packages:/home/openark/ros2_ws/src/install/examples_rclpy_minimal_action_server/lib/python3.8/site-packages:/home/openark/ros2_ws/src/install/examples_rclpy_minimal_action_client/lib/python3.8/site-packages:/home/openark/ros2_ws/src/install/examples_rclpy_executors/lib/python3.8/site-packages:/opt/ros/foxy/lib/python3.8/site-packages /usr/bin/cmake --build /home/openark/ros2_ws/build/zed_components -- -j12 -l12
