Start testing: Oct 04 21:33 PDT
----------------------------------------------------------
1/2 Testing: test_string_utilities
1/2 Test: test_string_utilities
Command: "/usr/bin/python3" "-u" "/opt/ros/foxy/share/ament_cmake_test/cmake/run_test.py" "/home/openark/ros2_ws/build/septentrio_gnss_driver/test_results/septentrio_gnss_driver/test_string_utilities.gtest.xml" "--package-name" "septentrio_gnss_driver" "--output-file" "/home/openark/ros2_ws/build/septentrio_gnss_driver/ament_cmake_gtest/test_string_utilities.txt" "--command" "/home/openark/ros2_ws/build/septentrio_gnss_driver/test/test_string_utilities" "--gtest_output=xml:/home/openark/ros2_ws/build/septentrio_gnss_driver/test_results/septentrio_gnss_driver/test_string_utilities.gtest.xml"
Directory: /home/openark/ros2_ws/build/septentrio_gnss_driver/test
"test_string_utilities" start time: Oct 04 21:33 PDT
Output:
----------------------------------------------------------
-- run_test.py: invoking following command in '/home/openark/ros2_ws/build/septentrio_gnss_driver/test':
 - /home/openark/ros2_ws/build/septentrio_gnss_driver/test/test_string_utilities --gtest_output=xml:/home/openark/ros2_ws/build/septentrio_gnss_driver/test_results/septentrio_gnss_driver/test_string_utilities.gtest.xml
Running main() from /opt/ros/foxy/src/gtest_vendor/src/gtest_main.cc
[==========] Running 1 test from 1 test case.
[----------] Global test environment set-up.
[----------] 1 test from TrimTest
[ RUN      ] TrimTest.string_trimming
[       OK ] TrimTest.string_trimming (0 ms)
[----------] 1 test from TrimTest (0 ms total)

[----------] Global test environment tear-down
[==========] 1 test from 1 test case ran. (0 ms total)
[  PASSED  ] 1 test.
-- run_test.py: return code 0
-- run_test.py: inject classname prefix into gtest result file '/home/openark/ros2_ws/build/septentrio_gnss_driver/test_results/septentrio_gnss_driver/test_string_utilities.gtest.xml'
-- run_test.py: verify result file '/home/openark/ros2_ws/build/septentrio_gnss_driver/test_results/septentrio_gnss_driver/test_string_utilities.gtest.xml'
<end of output>
Test time =   0.09 sec
----------------------------------------------------------
Test Passed.
"test_string_utilities" end time: Oct 04 21:33 PDT
"test_string_utilities" time elapsed: 00:00:00
----------------------------------------------------------

2/2 Testing: test_parsing_utilities
2/2 Test: test_parsing_utilities
Command: "/usr/bin/python3" "-u" "/opt/ros/foxy/share/ament_cmake_test/cmake/run_test.py" "/home/openark/ros2_ws/build/septentrio_gnss_driver/test_results/septentrio_gnss_driver/test_parsing_utilities.gtest.xml" "--package-name" "septentrio_gnss_driver" "--output-file" "/home/openark/ros2_ws/build/septentrio_gnss_driver/ament_cmake_gtest/test_parsing_utilities.txt" "--command" "/home/openark/ros2_ws/build/septentrio_gnss_driver/test/test_parsing_utilities" "--gtest_output=xml:/home/openark/ros2_ws/build/septentrio_gnss_driver/test_results/septentrio_gnss_driver/test_parsing_utilities.gtest.xml"
Directory: /home/openark/ros2_ws/build/septentrio_gnss_driver/test
"test_parsing_utilities" start time: Oct 04 21:33 PDT
Output:
----------------------------------------------------------
-- run_test.py: invoking following command in '/home/openark/ros2_ws/build/septentrio_gnss_driver/test':
 - /home/openark/ros2_ws/build/septentrio_gnss_driver/test/test_parsing_utilities --gtest_output=xml:/home/openark/ros2_ws/build/septentrio_gnss_driver/test_results/septentrio_gnss_driver/test_parsing_utilities.gtest.xml
Running main() from /opt/ros/foxy/src/gtest_vendor/src/gtest_main.cc
[==========] Running 1 test from 1 test case.
[----------] Global test environment set-up.
[----------] 1 test from WrapTest
[ RUN      ] WrapTest.angle180
[       OK ] WrapTest.angle180 (0 ms)
[----------] 1 test from WrapTest (0 ms total)

[----------] Global test environment tear-down
[==========] 1 test from 1 test case ran. (0 ms total)
[  PASSED  ] 1 test.
-- run_test.py: return code 0
-- run_test.py: inject classname prefix into gtest result file '/home/openark/ros2_ws/build/septentrio_gnss_driver/test_results/septentrio_gnss_driver/test_parsing_utilities.gtest.xml'
-- run_test.py: verify result file '/home/openark/ros2_ws/build/septentrio_gnss_driver/test_results/septentrio_gnss_driver/test_parsing_utilities.gtest.xml'
<end of output>
Test time =   0.08 sec
----------------------------------------------------------
Test Passed.
"test_parsing_utilities" end time: Oct 04 21:33 PDT
"test_parsing_utilities" time elapsed: 00:00:00
----------------------------------------------------------

End testing: Oct 04 21:33 PDT

gtest =   0.16 sec*proc

